20240727	17:47:20	9dad2105-a7a8-4971-9742-00292f437148	GET	undefined	/users
20240727	17:47:26	83dcc195-8a9d-4856-bc5d-0230fef6f321	GET	undefined	/
20240727	17:47:32	7fd956a6-c107-47ca-aadb-5a5da821617d	GET	undefined	/users
20240727	17:49:41	f784ce57-d45f-46d2-b1d1-3fb67cb2291f	GET	undefined	/users
20240727	22:52:48	4fa1f960-ac5d-4c3f-a0af-bd48b8381ec8	GET	undefined	/api/auth/providers
20240727	22:52:48	e9eaa57e-1a91-435b-b927-a067ec2ed12e	POST	http://localhost:3000	/api/auth/_log
20240727	22:52:48	189cf269-c39d-4632-b049-865c13bac402	GET	undefined	/api/auth/error
20240727	22:52:48	c3bad44c-4b5f-466d-8fbb-89f861da0ed2	GET	undefined	/favicon.ico
20240728	19:04:38	388f2cf4-566d-4b75-9aed-a3662c531314	GET	undefined	/auth
20240728	19:04:43	3128fc2a-55cb-481a-9eea-f05656a11099	GET	undefined	/
20240728	19:04:47	b6a30cc0-cfb8-4edc-a587-dfafa66accf5	GET	undefined	/dshj%20ed
20240728	19:05:42	16a26d79-7b04-4106-830b-ab22e0ef74a5	GET	undefined	/
20240728	19:05:46	31003a2a-ea29-469d-82a3-0b77310e9d8b	GET	undefined	/
20240728	19:05:48	9f1f8bac-a5d3-48ee-b6ff-9e5c68ec20a7	GET	undefined	/
20240728	19:07:23	ec8e5287-98a0-4540-835b-cbfb4cc85934	GET	undefined	/
20240728	19:07:30	b9dff051-9d30-41b9-aeb6-bbf443b5d413	GET	undefined	/
20240728	19:07:35	caedce30-ae80-4ee6-9a18-20b419caff1e	GET	undefined	/j
20240728	19:07:58	5215fdcc-2e5a-4890-9b06-1ffc81ca4de0	GET	undefined	/auth/login
20240728	19:08:34	c5c3156b-4074-46c1-894b-d359232530f4	GET	undefined	/auth/login
20240728	19:08:37	32c6dc7d-6261-4af1-a42c-942ad6dd4127	GET	undefined	/auth/login
20240728	19:08:50	6dd45fdd-be7f-4d08-910e-62a8ed4bb687	GET	undefined	/auth/login
20240728	19:09:29	492d9828-7e50-433e-bc4f-32060cab21a0	GET	undefined	/auth/login
20240728	19:09:47	9829f01f-f41b-4161-82b7-4ff393426326	GET	undefined	/auth/login
20240728	19:10:33	71714907-8800-4d1a-9eee-a15abc71378e	GET	undefined	/auth/
20240728	19:10:59	7550558d-8c59-4063-b217-47405e5c61be	GET	undefined	/auth/
20240728	19:11:00	ea5d4a26-d4fa-4de2-8b00-e350e9ebdccd	GET	undefined	/auth/
20240728	19:11:01	34379fbf-040e-4dd1-b0cf-fff75c725814	GET	undefined	/auth/
20240728	19:11:02	e6772802-8e15-414f-9943-646fcef4dac6	GET	undefined	/auth/
20240728	19:11:03	3f1b0027-d58f-449c-ace9-5694755335b2	GET	undefined	/auth/
20240728	19:11:04	cada2d61-8a2e-42a4-9f94-94eb943b75f2	GET	undefined	/auth/
20240728	19:11:16	288282eb-61cc-4687-afb0-2ed712243a5a	GET	undefined	/auth/
20240728	19:11:44	b041057d-bc50-4d0f-b9ec-b3bfc1fc0596	GET	undefined	/auth/
20240728	19:12:03	131b94ba-cce3-4afe-bfe9-565904f4ff71	GET	undefined	/auth/
20240728	19:12:37	961c6603-fca5-4732-90a0-cfc2f36ce147	GET	undefined	/t
20240728	19:12:47	7ed6d0ce-8fe5-4085-9e24-0d251bf56e4f	GET	undefined	/t
20240728	19:14:25	1147b21c-41ab-439f-a503-c308886fac68	GET	undefined	/t
20240728	19:14:35	d85ae0ff-3666-47d1-80f3-062a4359e5f9	GET	undefined	/t
20240728	19:34:59	28fada30-b62d-4958-9c52-6cdc859029e1	GET	undefined	/auth
20240728	19:36:15	46d0b252-795e-42d5-af75-efdaafccc90f	GET	undefined	/auth?
20240728	19:37:01	a896a48b-bce3-4ae0-a099-76714d55dde7	GET	undefined	/auth?
20240728	19:37:14	284f8a6c-c17a-4f3e-9538-2106ab48b6a0	GET	undefined	/auth?
20240728	19:37:15	e211edc3-94c9-414f-ace9-0a5a25377e56	GET	undefined	/auth?
20240728	19:37:32	21317119-a485-4688-88e3-fe92a85c55c9	GET	undefined	/auth?
20240728	19:37:33	a85fe477-4a03-483f-9f61-b7f3efc4d357	GET	undefined	/auth?
20240728	19:37:34	5c78721b-0300-4f8f-a3d2-8bd035e2d627	GET	undefined	/auth?
20240728	19:37:59	3cfadf34-6e98-4492-966f-c14fa93d6cfd	GET	undefined	/auth?
20240728	19:38:13	082cc156-3a4e-4bad-ac2f-3feffb01c832	GET	undefined	/auth?
20240728	19:38:27	1854fefe-4424-4919-b17a-145cac01fd85	GET	undefined	/auth
20240728	19:39:00	ce2c2e6f-62c7-47fe-9ea8-ea2c02adb3f3	GET	undefined	/auth
20240728	19:40:16	d0db0152-5d80-41b5-9180-3a5a5127d9fc	GET	undefined	/auth
20240728	19:40:17	f550cbd6-c290-42b7-8a51-70b041e12e43	GET	undefined	/auth
20240728	19:40:19	b20581fc-d0d6-4e84-bbb7-e669813c063b	GET	undefined	/auth
20240728	19:40:58	271a20e9-acdc-49d6-a591-d50c67f059d9	POST	undefined	/auth
20240728	19:58:52	05cb873d-90da-48ca-b9fb-ecf62c5c19ef	POST	undefined	/auth
20240728	19:59:20	643eb05e-510f-4ef6-9513-f9615c6c75c7	POST	undefined	/auth
20240728	19:59:37	a4f62c8f-2b1d-477d-a0f0-0571cb137bf8	POST	undefined	/auth
20240728	19:59:40	e9c94020-da8c-4b4d-af8a-629ad9612801	POST	undefined	/auth
20240728	19:59:41	935b069d-520d-420b-9b66-f38095f07110	POST	undefined	/auth
20240728	19:59:42	979658b3-0254-4c96-9e74-401c1174075e	POST	undefined	/auth
20240728	19:59:49	7edf4862-8f41-405a-bc08-7d9e819ee91b	POST	undefined	/auth
20240728	19:59:50	69acc83f-b38f-4a50-b1d3-6deea8a0ca07	POST	undefined	/auth
20240728	20:00:01	f1e75d17-18c7-42a1-aa23-47e24619e5df	POST	undefined	/auth
20240729	09:25:08	b79aea30-c23d-4089-bb75-4d945c17b667	POST	undefined	/auth
20240729	09:25:22	34416a3f-98d8-4ba2-997c-f2f8e313d9d2	POST	undefined	/auth
20240729	09:25:41	b8a23681-5d41-49c0-90b2-69f2f1c2e096	POST	undefined	/auth
20240729	09:27:43	e7596299-c304-4aa9-a911-50a3361d656f	POST	undefined	/auth
20240729	09:29:20	fa7fae9e-d79d-480c-8641-df0103bcd6ee	POST	undefined	/auth
20240729	09:30:47	933668c1-643f-413c-92e5-8ed494acf9b1	POST	undefined	/auth
20240729	09:31:28	844aad6e-4a1e-43bf-b47b-20ec334ed9c4	POST	undefined	/users
20240729	09:31:38	e5598291-3fc8-420c-8ca9-39b908578eb0	POST	undefined	/auth
20240729	09:31:47	3437ca22-aeb6-4322-a9f1-1a77caa96c31	GET	undefined	/
20240729	09:31:47	d6b73131-b54c-477c-81fe-e0f2310047e4	GET	undefined	/favicon.ico
20240729	09:31:54	de45cfb0-12c3-4d57-8eb7-b35fd9ab854e	GET	undefined	/users
20240729	09:34:08	d22790b2-64c0-4950-9e1f-3aa33f411a14	POST	undefined	/auth/refresh
20240729	09:34:45	fa3d8156-ffb9-4e63-80de-dfbb87fb21e0	POST	undefined	/auth/refresh
20240729	09:35:39	a568d038-9703-4894-932e-4b714189413a	POST	undefined	/auth/refresh
20240729	09:35:40	48be8b13-cfb4-48ce-b68f-0e6c0ff6b5c1	POST	undefined	/auth/refresh
20240729	09:37:41	9d83e502-4646-4ee9-89ee-92d1a7d14ba4	POST	undefined	/auth/refresh
20240729	09:38:08	cc8d16e0-80ec-427e-b193-105ee80a1fc3	GET	undefined	/auth/refresh
20240729	09:38:57	27663fa8-2e3b-4658-b5e9-a64bfe33f6af	POST	undefined	/auth/logout
20240729	09:39:10	50c0d5dc-c32d-472a-aa4e-99f02b20ed97	POST	undefined	/auth/logout
20240729	09:39:12	25757b95-161b-4f75-acdc-f4801ef80af8	POST	undefined	/auth/logout
20240729	09:39:22	9f71dcbc-099e-4f28-b5f9-3f60d1b45548	POST	undefined	/auth/
20240729	09:39:29	55c8c7f7-7251-45e0-9e92-375cf07d3ac6	POST	undefined	/auth/logout
20240729	09:39:36	467d1c96-1000-47ae-b051-cb2a6e595a6c	POST	undefined	/auth/
20240729	09:39:45	0f575ee1-c5aa-49f6-870a-f6dcdcc8451c	POST	undefined	/auth/refresh
20240729	09:39:56	790cb174-2ea4-4309-b2ed-3e81a8ffcc57	GET	undefined	/auth/refresh
20240729	09:40:24	e93f35f7-b310-469a-8b22-0fac0057e1c0	GET	undefined	/auth/logout
20240729	09:40:34	918d9aaa-d772-412a-80c5-7d4f2ca39214	POST	undefined	/auth/logout
20240729	10:43:15	9ac8d6d8-5fa9-43ea-9f7d-1aeb8b2ee2aa	POST	http://localhost:3001	/users
20240729	10:43:42	75fe172e-cbb9-459a-af0f-7c9346cb45c1	POST	http://localhost:3001	/users
20240729	10:43:51	9f171859-2fd8-488a-92c0-fe06656f051d	POST	http://localhost:3001	/users
20240729	10:44:15	ea1df62e-d243-4924-b559-783db846cd8f	POST	undefined	/users
20240729	10:45:26	12633961-0322-4e93-a3bf-79474eb3c5c8	POST	undefined	/users
20240729	10:45:27	2fd52656-c858-47d1-a56e-19b6b80d8e4c	POST	undefined	/users
20240729	10:45:45	b46e7bf0-a8d0-43bb-8a2e-ba74a151ed40	POST	http://localhost:3001	/users
20240729	10:45:45	af0c6f21-8ffa-4c5f-96c9-4545042d76a2	POST	http://localhost:3001	/users
20240729	10:45:45	4758806c-1813-496d-9ad5-7c607be3fdaf	POST	http://localhost:3001	/users
20240729	10:48:49	d7483f7f-4c8f-4780-a694-2c92b5466f9f	GET	undefined	/
20240729	10:48:54	8e4edf89-a00f-451a-b6fe-d9c5956ecaa0	GET	undefined	/users
20240729	10:49:58	cff2b484-b47d-429a-9dd5-0c9203268b52	GET	undefined	/users
20240729	10:49:59	274b5368-7b08-4f4d-97ff-891c15f949d0	GET	undefined	/users
20240729	10:50:05	20d3b9d2-bc32-4ab5-8731-fb41aadfc2ba	GET	undefined	/users
20240729	10:50:06	70600940-d36a-4469-9495-947dc3823b1d	GET	undefined	/users
20240729	10:50:06	4625e616-2f8e-43fe-8d58-ae7b9eff3bca	GET	undefined	/users
20240729	10:50:06	fc0a902d-b931-47f9-99ce-560e35262d2f	GET	undefined	/users
20240729	10:55:42	853d85c4-ec76-4676-93c1-0cbf99d6e378	POST	http://localhost:3001	/users
20240729	11:00:19	70590bd1-e87e-4ea8-8500-a047afe267f1	GET	undefined	/users
20240729	11:00:20	c4a88964-d1e8-4f47-bf6f-ab76e8c4218b	GET	undefined	/users
20240729	11:00:20	66b371d8-aa7a-4771-bcff-037648c750b0	GET	undefined	/users
20240729	11:00:20	2aa98e96-f15b-416c-bcfe-8ddb1b5f71eb	GET	undefined	/users
20240729	11:00:22	d01f4951-f7e5-485f-8c73-f2675e15ac96	GET	undefined	/users
20240729	11:00:22	e2e6b0bf-2c16-40d6-9faf-e3e5b3d15139	GET	undefined	/users
20240729	11:00:23	4b6a37f6-b93e-45b1-9da5-a049ad804fc2	GET	undefined	/users
20240729	11:00:23	236bf121-7450-4be4-a204-cf061df84622	GET	undefined	/users
20240729	11:00:23	fd70ee2e-2a69-47f2-8f95-6559ebc284b6	GET	undefined	/users
20240729	11:00:57	21d85877-26cc-4192-b12c-381f058de62a	GET	undefined	/users
20240729	11:08:04	950b6430-bc5d-484d-a60e-6c3371c1608c	POST	http://localhost:3001	/users
20240729	11:08:14	209cc872-aafb-4954-b1c9-791069c8129c	GET	undefined	/users
20240729	11:09:04	66ea80d8-2018-48bd-a6bb-a80f62d932fa	POST	http://localhost:3001	/users
20240729	11:09:06	bbb42f4a-3226-4f8d-a4dc-4f8609c8715a	POST	http://localhost:3001	/users
20240729	11:09:06	c49db244-2c93-44c6-8f99-de440b8a1c16	POST	http://localhost:3001	/users
20240729	11:11:21	528230f4-ccc7-4a5a-b44d-e4dccbf56efb	POST	http://localhost:3001	/users
20240729	11:11:53	2951ad8f-94bb-4ab0-bf0d-0456ae6e6b88	POST	http://localhost:3001	/users
20240729	11:17:46	a1481078-adc2-4269-9c8e-95ed1e9636b4	POST	http://localhost:3001	/users
20240729	11:18:17	ea43f616-5215-46ae-a382-cd6e1098e4c1	POST	http://localhost:3001	/users
20240729	11:18:26	f96d5c88-57a9-4bd5-acbb-7d5c9142c16b	POST	http://localhost:3001	/users
20240729	11:18:59	a6d39062-d948-48a4-8f87-0801816d38f6	POST	http://localhost:3001	/users
20240729	11:22:31	9809e3da-2f4f-4b13-9748-e769b575658f	POST	http://localhost:3001	/users
20240729	11:22:37	df10fcb8-393d-4dc2-a108-7daa5bd27170	POST	http://localhost:3001	/users
20240729	11:22:52	8981762a-884a-41ff-a196-5d7698e4b328	GET	undefined	/users
20240729	11:23:41	8c9779e2-2a20-433b-a422-13fadcb8bd19	POST	http://localhost:3001	/users
20240729	11:23:47	c722fe7a-7c99-44c2-a918-0b3ce1735ee2	GET	undefined	/users
20240729	11:23:48	f4edf220-3644-4a58-8053-16c945517819	GET	undefined	/users
20240729	11:23:48	635d8120-bb71-45d6-9345-0c14d11010ed	GET	undefined	/users
20240729	11:23:49	5552c216-16ab-47e3-8066-179d75658d36	GET	undefined	/users
20240729	11:23:49	35cf0269-e18e-4829-8a18-30cb74871cc6	GET	undefined	/users
20240729	11:23:50	cbee0da0-f99b-4eae-a608-fe864a6e11bb	GET	undefined	/users
20240729	11:23:50	c68197d8-9b78-4d97-b6f5-b5732c8da632	GET	undefined	/users
20240729	11:23:50	77de31f7-df6b-47fd-a23d-5babba2b53c2	GET	undefined	/users
20240729	11:24:55	c3e924d4-3714-43b5-9d76-ac3edf423514	POST	http://localhost:3001	/users
20240729	11:25:00	9ceca7e7-e563-4d4f-9593-c15b04e10736	POST	http://localhost:3001	/users
20240729	11:25:20	31ac180e-8bde-48bf-b5dd-abd4b18bd020	POST	http://localhost:3001	/users
20240729	11:25:24	e3812ad0-e4c3-4dbe-b698-a90baffbc11f	POST	http://localhost:3001	/users
20240729	11:25:28	57cc538d-f512-4821-a73c-440d7c9e6441	POST	http://localhost:3001	/users
20240729	11:25:34	eaa6ceb5-c93f-4404-a60c-1caba6fefd15	POST	http://localhost:3001	/users
20240729	11:25:43	b6365ee0-0188-469e-ade5-a6591f398e3f	POST	http://localhost:3001	/users
20240729	11:25:56	df4c92ff-3793-4a9a-acef-657b8a92cef7	GET	undefined	/users
20240729	11:27:17	70cb12dd-ac72-4137-a191-ce3fed0c198e	POST	http://localhost:3001	/users
20240729	11:27:17	a018070a-f223-49d5-aa27-fbe49fa8d69c	GET	undefined	/favicon.ico
20240729	11:27:21	bb35b32d-837e-40f2-9d13-200e63451874	GET	undefined	/users
20240729	11:28:45	0922e450-038a-46ea-afab-65e92bf3b8c5	POST	http://localhost:3001	/users
20240729	11:32:25	cc35389e-1551-4651-b17d-e78d119e4a97	POST	http://localhost:3001	/users
20240729	12:40:50	c344e8d9-2439-45c0-8e77-694dcc648698	POST	http://localhost:3001	/users
20240729	12:47:31	acd8cee7-443c-4b72-a7fb-1b13503fbcdc	GET	http://localhost:3001	/users
20240729	12:47:31	4084d65b-1de3-4e95-92f4-00aedd8c5458	GET	http://localhost:3001	/users
20240729	12:47:32	fd64204e-6e2b-43f1-944e-3c763a0d3f3d	GET	http://localhost:3001	/users
20240729	12:47:32	09f77933-4460-46fb-945f-7b2816dc77f8	GET	http://localhost:3001	/users
20240729	12:48:31	97384986-2053-4b6a-b6c1-3736af160d5f	GET	http://localhost:3001	/users
20240729	12:48:31	b00a68b7-6a0e-4537-8df0-99f84e90596f	GET	http://localhost:3001	/users
20240729	12:48:34	9a08fc5c-676c-49f2-8640-b5c645cb6e54	GET	http://localhost:3001	/users
20240729	12:48:34	c18f38ae-75b0-4421-8ca8-c6a85d63fd36	GET	http://localhost:3001	/users
20240729	12:50:05	e90f88f5-572b-4a8f-8b0a-2cb974e18ddb	GET	http://localhost:3001	/users
20240729	12:50:06	5bbf2284-bb34-4018-8773-7b321f40b5ec	GET	http://localhost:3001	/users
20240729	12:50:10	3396f5c8-bd86-44e9-bbe2-2a475dfa4485	GET	http://localhost:3001	/users
20240729	12:50:10	0d069702-0ae4-43e8-b416-0b96c9c1b173	GET	http://localhost:3001	/users
20240729	13:11:29	58ee4932-efc8-4d42-bfae-0b258b54346d	GET	http://localhost:3001	/users
20240729	13:11:29	bd9db8d8-05d7-45e6-ac8d-84e23403d2fa	GET	http://localhost:3001	/users
20240729	13:11:47	e59f01f6-1bcb-4968-9602-e7c923734a17	GET	undefined	/users
20240729	13:11:47	72a349e3-d468-45d8-9d15-291380f413a8	GET	undefined	/favicon.ico
20240729	13:11:49	328eff19-668c-46dc-834a-d3ec4ac0cf94	GET	undefined	/users
20240729	13:11:49	8ec0e21e-b52a-4939-8da4-26b56f08417f	GET	undefined	/favicon.ico
20240729	13:11:53	544a5bb0-13df-4b32-9caa-e10a3e571726	GET	http://localhost:3001	/users
20240729	13:11:53	5f967a5b-5e53-4fbc-8934-413ac71e00d8	GET	http://localhost:3001	/users
20240729	13:13:33	e57df83d-d5b4-480a-8cf6-f320b2628eae	OPTIONS	http://localhost:3001	/users
20240729	13:13:33	7380664c-bc38-484b-87c5-13e9476deeea	POST	http://localhost:3001	/users
20240729	13:13:35	4e449e43-8183-41d2-a851-ba6ed0fc718e	POST	http://localhost:3001	/users
20240729	13:13:40	66bc0369-ebc1-4dea-b70f-7e033cc4fb93	GET	undefined	/users
20240729	13:13:54	be7f2e6a-94c8-4a9a-9a97-14622cbf8ee1	OPTIONS	http://localhost:3001	/users
20240729	13:13:54	aaec43c1-44f4-4254-bf07-dfd21dff92e4	POST	http://localhost:3001	/users
20240729	13:13:57	6e9708a1-0dd6-4b78-9682-d1e54425229a	GET	undefined	/users
20240729	13:14:02	d8c29a2a-88a8-49cc-8ae0-d9881d29342f	GET	undefined	/users
20240729	13:14:03	4266fdbc-4262-4693-abe2-192376194c89	GET	undefined	/users
20240729	13:14:33	b5296c84-d6d4-4057-8f61-82de5255821b	GET	undefined	/users
20240729	13:14:34	eddf1044-e061-4fb2-a779-fcaf8118c9b3	GET	undefined	/users
20240729	13:14:34	6138ec5d-9b2b-41bb-9dbf-118f4a357482	GET	undefined	/users
20240729	13:14:34	68ace9f9-69ac-482d-bdd0-19ffe0d3e0e4	GET	undefined	/users
20240729	13:14:34	4a43fdf5-0497-4f55-ac82-d909ffb5fc64	GET	undefined	/users
20240729	13:14:34	d042c749-b25a-4dbb-a0ae-98f03f85c3a9	GET	undefined	/users
20240729	13:14:34	7bed21c3-255d-4d0f-9859-819530ea51b2	GET	undefined	/users
20240729	13:14:35	355ea093-345f-4c36-a8c7-30d4b40a6256	GET	undefined	/users
20240729	13:14:35	0c10e821-84d7-4079-b238-9b6ade57931d	GET	undefined	/users
20240729	13:14:35	ae06de07-6861-477f-8b39-839c6fc2a2f7	GET	undefined	/users
20240729	13:14:47	d62be210-5184-48e3-aaa2-001718fffb87	OPTIONS	http://localhost:3001	/users
20240729	13:14:47	24d7b033-95aa-4c9f-835c-904a1ded42e3	POST	http://localhost:3001	/users
20240729	13:14:49	b3c135a2-0fde-467e-8e7c-6a8740a7c81f	POST	http://localhost:3001	/users
20240729	13:14:57	1ed8ea28-3a0f-4521-9392-f238be2d84bc	GET	undefined	/users
20240729	13:16:12	59d76b5f-af63-4727-af90-b0e3131505b7	OPTIONS	http://localhost:3001	/auth
20240729	13:16:12	0c73e792-3392-49ab-86fc-56688e069c23	POST	http://localhost:3001	/auth
20240729	13:17:07	9381f90f-66e3-4e64-a344-d64f45f6d3fc	OPTIONS	http://localhost:3001	/auth
20240729	13:17:07	776ff8d8-6c88-4075-8fa6-fae840a8f8ba	POST	http://localhost:3001	/auth
20240729	13:17:08	ea04c393-c95d-4ac2-a3a9-ab875a66a6e9	POST	http://localhost:3001	/auth
20240729	13:19:13	68ca86c7-3f60-4457-adca-888f4318b40a	OPTIONS	http://localhost:3001	/auth
20240729	13:19:13	72387313-8eee-4e48-81fd-3819c02d4d4f	POST	http://localhost:3001	/auth
20240729	13:19:19	807c8a7e-5fe2-416d-9505-bc1b41fa8ea1	OPTIONS	http://localhost:3001	/auth
20240729	13:19:19	ddb54120-01c9-42a3-966e-669f0387b1f8	POST	http://localhost:3001	/auth
20240729	13:20:47	0742cad8-a1fc-4489-8f3b-9119e7ad4788	GET	http://localhost:3001	/users
20240729	13:20:47	de36aa80-a7e3-45e4-ad70-6ae3b13febdf	GET	http://localhost:3001	/users
20240729	18:07:16	51bc577a-b2d0-4dda-8457-7677eca5d1e4	GET	http://localhost:3001	/users
20240729	18:07:19	1657caae-f03f-4a4b-b3eb-324cd200b06f	GET	http://localhost:3001	/users
20240729	18:07:19	202cbe61-86fc-459d-bc92-41958ac06c44	GET	http://localhost:3001	/users
20240729	18:07:19	02af88fc-c568-43a3-a7f2-afc03bf4968a	GET	http://localhost:3001	/users
20240729	18:07:19	b45ddd03-4e83-4e28-b31b-64a141c0b55a	GET	http://localhost:3001	/users
20240729	18:07:27	759cb9c7-1e1c-4e95-976a-45db252e2924	GET	http://localhost:3001	/users
20240729	18:07:27	006ca1f6-5d17-445f-99ca-4a019e48f4eb	GET	http://localhost:3001	/users
20240729	18:07:27	e21f04d3-693c-451b-bbe7-d7f39ddf6ad4	GET	http://localhost:3001	/users
20240729	18:07:28	f64f6fcc-0b6e-4019-ad96-a4ff128403a2	GET	http://localhost:3001	/users
20240729	18:08:56	694a63a6-c9e3-4e83-a50b-9e54ae8a860e	GET	http://localhost:3001	/users
20240729	18:09:05	7ef0fb7d-a232-4616-8da8-cc7c497e53e8	GET	http://localhost:3001	/users
20240729	18:09:05	716ca3c5-c5a9-4f9e-a8db-3976cd86defb	GET	http://localhost:3001	/users
20240729	18:09:05	fb4fcc5b-ae77-4078-a732-a74c2578d3b6	GET	http://localhost:3001	/users
20240729	18:09:06	2b6daa8f-2947-4c40-8891-6d9c4264c8b5	GET	http://localhost:3001	/users
20240729	18:09:39	0d848f35-6240-41a8-b16c-f63cb4f1b2b2	GET	http://localhost:3001	/users
20240729	18:09:40	8347a9fb-71d5-4358-8f9a-76c708c90e04	GET	http://localhost:3001	/users
20240729	18:09:40	bdc0a617-e640-4150-bd70-b060a58db5e4	GET	http://localhost:3001	/users
20240729	18:09:40	1b693050-f68f-446f-afaf-e05e3b69c531	GET	http://localhost:3001	/users
20240729	18:09:40	507d7253-d0b0-48fb-a0b9-77567a7587a5	GET	http://localhost:3001	/users
20240729	18:09:43	7ba34b57-b241-437a-96c4-7e8b35e30ad8	GET	http://localhost:3001	/users
20240729	18:09:43	81191714-d2a6-468f-9751-75a64c5fe4be	GET	http://localhost:3001	/users
20240729	18:09:43	e4608acd-1c60-42db-850d-85a8e09b3643	GET	http://localhost:3001	/users
20240729	18:09:43	67fae0a6-5e3c-4f71-a20b-1d5ca63c2a2a	GET	http://localhost:3001	/users
20240729	18:09:50	d4a49e6d-5f6a-47ba-aec2-8d73ecd3d673	GET	http://localhost:3001	/users
20240729	18:09:50	9a1c85b2-d269-4622-b2e2-6834f6f31553	GET	http://localhost:3001	/users
20240729	18:09:51	465a5820-941e-460a-8570-77fb4c28f1aa	GET	http://localhost:3001	/users
20240729	18:09:51	6b31ccac-38d9-4d2d-bd4c-faf0d3e9411d	GET	http://localhost:3001	/users
20240729	18:10:23	8ee46597-fe46-418a-9680-7fdd008318cd	GET	http://localhost:3001	/users
20240729	18:10:23	29ceddfb-2b41-4313-bea9-b80ad9b5bd88	GET	http://localhost:3001	/users
20240729	18:10:23	1a6176a9-e0c3-4ab7-b9b9-bc167e54b79a	GET	http://localhost:3001	/users
20240729	18:10:23	b8e7be79-4223-45b7-a39a-5658acde9ba5	GET	http://localhost:3001	/users
20240729	18:10:24	0d0b0b4d-e89a-4057-b112-5387ee6755f8	GET	http://localhost:3001	/users
20240729	18:10:24	0cf9558a-9475-462e-b0a2-3d3ac26a415e	GET	http://localhost:3001	/users
20240729	18:10:24	8d14ee42-886c-4e3e-b64b-c4fe7860e698	GET	http://localhost:3001	/users
20240729	18:10:24	0e0158b3-b27a-4f64-8453-e9cabfd74a0a	GET	http://localhost:3001	/users
20240729	18:10:24	17353709-8435-4b61-ad47-bc80d9d16298	GET	http://localhost:3001	/users
20240729	18:10:24	95072815-122b-4e63-bcd0-37ba808f2f6d	GET	http://localhost:3001	/users
20240729	18:10:34	269ae739-022a-4dce-8d1f-336f626c1e1c	GET	http://localhost:3001	/users
20240729	18:10:35	49e363c5-5e8e-4f21-ba85-18d25f0137e8	GET	http://localhost:3001	/users
20240729	18:10:35	35cc6ae5-1f5e-4895-9cad-1ad054c9488d	GET	http://localhost:3001	/users
20240729	18:10:35	dcc7eadb-2127-46d9-a260-1ea3de194bbf	GET	http://localhost:3001	/users
20240729	18:10:35	8ca2ab63-0496-4bee-939d-f3bcdebc3a46	GET	http://localhost:3001	/users
20240729	18:10:35	bd7d9391-a0ec-43bc-827b-0e8c85f4c3e2	GET	http://localhost:3001	/users
20240729	18:10:35	f931d5dc-ba42-4704-af99-21a07ff54bd4	GET	http://localhost:3001	/users
20240729	18:10:36	61c86444-fb15-49e2-a1f0-fc9e57277738	GET	http://localhost:3001	/users
20240729	18:11:16	fb7915d9-8101-41ed-b8a5-f61cf28e041a	GET	http://localhost:3001	/users
20240729	18:11:16	fbcaa1ed-0be9-448c-b9e3-14c6d56d91d7	GET	http://localhost:3001	/users
20240729	18:11:16	521d02fc-46b9-415f-a579-eb386776ed0e	GET	http://localhost:3001	/users
20240729	18:11:16	4934d657-1208-4be3-9277-a30d27ebd73b	GET	http://localhost:3001	/users
20240729	18:11:16	2488cc43-a679-4374-b52e-0184bb0d6b6a	GET	http://localhost:3001	/users
20240729	18:11:17	4de02132-e5b3-4d82-be67-8e1081e481e1	GET	http://localhost:3001	/users
20240729	18:11:17	1a2c73c2-91dd-493b-ad11-b0ab87fc6e52	GET	http://localhost:3001	/users
20240729	18:11:17	67cacb87-c398-463e-a41d-12eeaa9e47c1	GET	http://localhost:3001	/users
20240729	18:11:19	16a4c7e6-7b03-4c0a-a2e6-f040aa9146c4	GET	http://localhost:3001	/users
20240729	18:11:19	510aa49a-d318-4521-9b7d-03a852ef744f	GET	http://localhost:3001	/users
20240729	18:11:20	1467ad7f-a45f-4d0b-aaff-5124383a35bd	GET	http://localhost:3001	/users
20240729	18:11:21	89f8d6d7-1311-4298-b0d2-f76f48b118cf	GET	http://localhost:3001	/users
20240729	18:11:34	b3eb62c4-2076-4788-80b4-d27d4db158f4	GET	http://localhost:3001	/users
20240729	18:11:34	f8e95890-4967-4f6a-bbfa-90072e379b31	GET	http://localhost:3001	/users
20240729	18:21:47	d865c72d-f8c2-4109-bd76-e99ade97b298	GET	undefined	/users
20240729	18:21:53	83c38aa0-ac59-4f84-ab15-10251108bba8	GET	undefined	/users
20240729	18:22:12	215387fc-1252-422c-b866-b9df6e3eda1a	GET	http://localhost:3001	/users
20240729	18:22:33	8d8b15fb-6cf6-409d-854a-39cdf4844708	GET	http://localhost:3001	/users
20240729	18:23:37	25f2b52d-4903-47b6-801f-38cbe67918ff	GET	http://localhost:3001	/users
20240729	18:24:14	17d2a3ca-3a62-4c09-85a6-c9bddddceb80	GET	http://localhost:3001	/users
20240729	18:33:37	125dd27b-7287-4e68-b507-ac422ebab959	GET	undefined	/users
20240729	18:34:59	d5a3218b-cc20-4a5b-a01c-c88b81c026eb	OPTIONS	http://localhost:3001	/users
20240729	18:34:59	d2a4400f-5d66-4e65-8806-b9464a924038	POST	http://localhost:3001	/users
20240729	18:35:09	e5d440c8-9f92-498d-9509-52f6c4e264b2	GET	undefined	/users
20240729	19:10:15	364eb606-462e-4775-a723-c36906d2db09	OPTIONS	http://localhost:3001	/users
20240729	19:10:15	52121052-d908-4440-ae39-cf0044933bb9	POST	http://localhost:3001	/users
20240729	19:10:36	dce17cdb-4988-43e5-8412-69bb7ecfe0b5	OPTIONS	http://localhost:3001	/users
20240729	19:10:36	0e63cce2-e56a-4437-8e0d-2e47acf36d56	POST	http://localhost:3001	/users
20240729	19:10:43	e73f460b-5591-48ce-8db5-b6f56d5796f3	GET	undefined	/users
20240729	19:11:38	69a433cc-2726-47bf-b4bb-d050afa3e1d2	OPTIONS	http://localhost:3001	/users
20240729	19:11:38	d3351aa3-4ec6-455d-84a5-f19a56454b5b	POST	http://localhost:3001	/users
20240729	19:12:00	c1562d0e-a1d0-4462-91a2-70962a8cb2bc	OPTIONS	http://localhost:3001	/users
20240729	19:12:00	d6a58e13-69e5-4792-b129-5a01b8e0c83b	POST	http://localhost:3001	/users
20240729	19:12:01	1cb233e1-536b-445c-9253-2534a159a878	POST	http://localhost:3001	/users
20240729	19:13:29	3e46f224-e7ab-412f-a588-304e5af4fefc	OPTIONS	http://localhost:3001	/users
20240729	19:13:29	85654ddb-7198-441a-9100-aed7521f472f	POST	http://localhost:3001	/users
20240729	19:13:33	2407870b-6106-4f9e-8187-4580b4df454c	POST	http://localhost:3001	/users
20240729	19:13:33	79720d46-ecb6-4a19-9c7d-79d52903a871	POST	http://localhost:3001	/users
20240729	19:13:33	39036a3d-8bc5-482b-903d-3d7d1a35e7a7	POST	http://localhost:3001	/users
20240729	19:13:33	a7a67b30-84a1-47a1-bf8f-2f4b7fd47144	POST	http://localhost:3001	/users
20240729	19:13:33	5642dbc6-59b6-48c1-b933-cd73339a4e23	POST	http://localhost:3001	/users
20240729	19:13:34	116e1df3-1db4-414f-a28c-76983455d066	POST	http://localhost:3001	/users
20240729	19:13:43	7794dca4-484e-479f-aec3-e687568453a6	OPTIONS	http://localhost:3001	/users
20240729	19:13:43	b27b6b92-054f-4b54-94c5-a1fd86646951	POST	http://localhost:3001	/users
20240729	19:13:44	0a4e371f-cb4a-457a-a251-0d253c18a7a8	POST	http://localhost:3001	/users
20240729	19:14:05	6c256a8a-0318-4356-9ae9-6c32f4bcee4c	OPTIONS	http://localhost:3001	/users
20240729	19:14:05	70640655-a05b-4913-868a-e465bc0d51b2	POST	http://localhost:3001	/users
20240729	19:14:11	f2566cb7-4193-4d32-adad-d0f4592bb513	OPTIONS	http://localhost:3001	/auth
20240729	19:14:11	02a721ec-46ef-4489-97b5-8d1af11625b6	POST	http://localhost:3001	/auth
20240729	19:15:21	df494597-77d6-4b9a-abf8-c3e6fd1ae399	OPTIONS	http://localhost:3001	/auth
20240729	19:15:21	72e5037c-91a3-46cb-92a6-c65a63ef9c55	POST	http://localhost:3001	/auth
20240729	19:15:23	b43b1d7f-882f-4206-a4fe-af51499d484e	POST	http://localhost:3001	/auth
20240729	19:18:50	f71bae71-3fba-4d2c-b872-fcaf535dfa2b	OPTIONS	http://localhost:3001	/auth
20240729	19:18:50	61bb7f48-a515-47a4-b635-53707380096c	POST	http://localhost:3001	/auth
20240729	19:19:23	37630e9c-a19b-4396-9a05-b4893e10e7b6	OPTIONS	http://localhost:3001	/users
20240729	19:19:23	d40bc31e-06cf-431f-9752-026cc2ac635f	POST	http://localhost:3001	/users
20240729	19:19:27	93171d33-1e91-4703-9aef-79ca78974daf	OPTIONS	http://localhost:3001	/auth
20240729	19:19:27	894ef958-99b9-424e-af72-bfd0eb877761	POST	http://localhost:3001	/auth
20240729	19:22:45	980a5715-7dd9-492b-b4de-a84cc532eab7	OPTIONS	http://localhost:3001	/auth
20240729	19:22:45	cdb2d84e-65fa-47c6-bb71-321f97e28d44	POST	http://localhost:3001	/auth
20240729	19:22:48	cc25626b-d740-4882-a0da-8b6059cbcc03	POST	http://localhost:3001	/auth
20240729	19:22:48	8490dad1-a3a2-4227-b027-d8969f8b39be	POST	http://localhost:3001	/auth
20240729	19:22:48	808c1e20-2187-4684-b0e4-50650d6b9c9f	POST	http://localhost:3001	/auth
20240729	19:22:49	e0054dc6-6de9-42b5-bf2b-134a0c62d1b0	POST	http://localhost:3001	/auth
20240729	19:22:49	e4ccf977-571f-4bb9-a8f1-070cf786b744	POST	http://localhost:3001	/auth
20240729	19:22:50	8e2fe12b-8b6d-4771-aa3b-2c35caf268da	POST	http://localhost:3001	/auth
20240729	19:22:50	f59c69bb-619b-4416-a44e-1fd0d02c88a0	POST	http://localhost:3001	/auth
20240729	19:22:50	ecff410c-8e48-431d-b022-b3912012d38f	POST	http://localhost:3001	/auth
20240729	19:22:50	5f898d62-81f1-4703-9e9f-56b1a6bce5a6	POST	http://localhost:3001	/auth
20240729	19:29:31	93ed7b90-0f5d-4d44-9bc2-b5203e8b4c15	OPTIONS	http://localhost:3001	/auth
20240729	19:29:31	01d18061-94a9-45c6-bc9a-3331470ab1dc	POST	http://localhost:3001	/auth
20240729	19:30:18	0cc45ada-466b-4f71-8fb5-78185b31d34c	OPTIONS	http://localhost:3001	/users
20240729	19:30:18	1cf3074a-d5a0-44de-9ee2-18ec064210f2	POST	http://localhost:3001	/users
20240729	19:30:24	097854ea-86c5-4f33-9681-2c8265fa040e	GET	undefined	/users
20240729	19:30:24	25ee72ee-93e7-45f8-969c-8b747c5f8895	GET	undefined	/favicon.ico
20240729	19:30:31	5227125c-06bd-4bbb-a3e1-814edbc74fa8	OPTIONS	http://localhost:3001	/auth
20240729	19:30:31	2eaeeee5-5e34-4e6c-8154-17eb9a064a9b	POST	http://localhost:3001	/auth
20240729	19:41:11	00ea90cc-1fb7-487a-9c22-fc0e8fa2e2b5	OPTIONS	http://localhost:3001	/auth
20240729	19:41:11	e7e3f222-497f-4108-a438-f021079519bf	POST	http://localhost:3001	/auth
20240729	19:42:37	b8423827-dcd0-420e-aaaa-eccc19c98267	OPTIONS	http://localhost:3001	/auth
20240729	19:42:37	2a4116e1-fd31-4a03-8455-0ca12111abec	POST	http://localhost:3001	/auth
20240729	19:42:40	e45bd332-cb25-474b-a4d7-bdf9e82b2958	POST	http://localhost:3001	/auth
20240729	19:42:40	a427bcd5-cf6b-4ea0-b9c0-6c68f47048ac	POST	http://localhost:3001	/auth
20240729	19:42:41	032266b3-fa15-443b-9338-e8aa6663b5ef	POST	http://localhost:3001	/auth
20240729	19:44:22	8023a23a-8411-41bd-bc0b-39fe489a59dc	OPTIONS	http://localhost:3001	/auth
20240729	19:44:22	4d9be543-9925-439a-be2b-426527ea0ad1	POST	http://localhost:3001	/auth
20240729	20:21:59	89ca0166-872d-47fe-a44a-a3171577c3b3	GET	http://localhost:3001	/users
20240729	21:39:23	5d6d393c-7455-4a78-b434-1585e2ae378a	GET	undefined	/users
20240730	09:39:29	5db81d4b-3a63-4896-b8e7-19cb53a2baad	OPTIONS	http://localhost:3001	/auth
20240730	09:39:29	1660639c-9646-417a-81a4-acd8d240c473	POST	http://localhost:3001	/auth
20240730	09:39:31	ae7bd953-1375-45b0-b4ee-f775e885a6bc	POST	http://localhost:3001	/auth
20240730	09:39:32	e18fe787-9a72-4a71-80fb-a2b86b1a614f	POST	http://localhost:3001	/auth
20240730	09:39:32	b4d972fe-6312-409c-9548-4a76b4648c85	POST	http://localhost:3001	/auth
20240730	09:39:32	a15e2944-73ed-462d-8e0e-411698025f3c	POST	http://localhost:3001	/auth
20240730	09:40:02	1f8dae0a-0a2f-44ce-a878-d67fbad785eb	OPTIONS	http://localhost:3002	/auth
20240730	09:40:15	b35fa929-9cb9-4ca0-ad52-f5cf5eb45a8b	OPTIONS	http://localhost:3002	/auth
20240730	09:40:16	cb70c35e-2e3d-484a-926f-c10d53c9b9ed	OPTIONS	http://localhost:3002	/auth
20240730	09:40:16	8465bb1b-a405-4ebc-b109-10cc5381e497	OPTIONS	http://localhost:3002	/auth
20240730	09:40:16	50de3165-04ea-4b97-be84-59902b82e376	OPTIONS	http://localhost:3002	/auth
20240730	09:40:16	07a9f320-7f25-46f1-9bcf-173827e5d521	OPTIONS	http://localhost:3002	/auth
20240730	09:40:16	a6a54e74-5510-40e0-b0a1-115d0b621d11	OPTIONS	http://localhost:3002	/auth
20240730	09:40:32	5f0a15ba-17ab-425b-ba72-1307a2959b1a	OPTIONS	http://localhost:3002	/auth
20240730	09:40:58	fc7f4f39-1ad2-4190-9792-f6ad5f76aa32	OPTIONS	http://localhost:3001	/users
20240730	09:40:58	52378be7-a8f6-4b9a-8934-77d9dd47e535	POST	http://localhost:3001	/users
20240730	09:41:05	6c084a11-6176-4505-8dac-beb8e88bc2d5	GET	undefined	/users
20240730	09:41:05	041c147d-8af7-4457-a4ff-ae310b65a3b3	GET	undefined	/favicon.ico
20240730	09:41:06	2e4c0522-ea30-43f7-abdc-3d535bb73e6a	GET	undefined	/users
20240730	09:41:23	d8ebf11c-0723-4bac-b678-2cb54a9080d1	OPTIONS	http://localhost:3001	/auth
20240730	09:41:23	a1284edb-ff6c-486a-bd30-30ded129c005	POST	http://localhost:3001	/auth
20240730	13:21:42	b3cf2ff3-09b9-48e7-9ba2-d363ec161d5c	OPTIONS	http://localhost:3001	/auth
20240730	13:21:42	b314ccaf-3592-41a5-9f36-4044480c25f4	POST	http://localhost:3001	/auth
20240730	13:21:53	cb187a6d-e86e-40f7-9ce6-d02fc62ebaa4	OPTIONS	http://localhost:3001	/auth
20240730	13:21:53	68a31eca-77fd-4ce3-b7b4-a01bdb109bd6	POST	http://localhost:3001	/auth
20240730	13:25:53	2d2e57b9-a597-4858-914f-542c1eaa3add	OPTIONS	http://localhost:3001	/users
20240730	13:25:53	dd7e78ed-0d15-4394-bf35-09f1316d2aa7	OPTIONS	http://localhost:3001	/auth
20240730	13:25:53	fb2f24f8-a0cd-4956-b1ba-694f3fb79c26	POST	http://localhost:3001	/users
20240730	13:25:53	2c59f01b-2c02-43d1-9a40-be4b4c5709b0	POST	http://localhost:3001	/auth
20240730	13:26:21	8a57aeca-f5d7-42f6-a234-1404d542f6db	OPTIONS	http://localhost:3001	/users
20240730	13:26:21	67c98ce8-bf45-4067-aaa7-b57378461fc5	OPTIONS	http://localhost:3001	/auth
20240730	13:26:21	56df079c-53c1-4dde-a483-cc8c682aa38c	POST	http://localhost:3001	/users
20240730	13:26:21	7be9e811-c2bf-4610-8749-e87b30341753	POST	http://localhost:3001	/auth
20240730	15:54:26	41b89278-86fc-449c-8c0c-e6de12138119	GET	undefined	/users
20240730	16:45:50	61145d3e-9bb3-43e0-8321-8371ca39a984	GET	undefined	/
20240730	16:45:50	2700e2a6-11a3-40bf-b0e0-78db0a0ed448	GET	undefined	/favicon.ico
